<?xml version="1.0" encoding="UTF-8"?>
<testsuite xmlns:xsi="http://www.w3.org/2001/XMLSchema-instance" xsi:noNamespaceSchemaLocation="https://maven.apache.org/surefire/maven-surefire-plugin/xsd/surefire-test-report-3.0.xsd" version="3.0" name="Admin Logout Action" time="217.543" tests="14" errors="0" skipped="0" failures="3">
  <properties>
    <property name="sun.desktop" value="windows"/>
    <property name="awt.toolkit" value="sun.awt.windows.WToolkit"/>
    <property name="file.encoding.pkg" value="sun.io"/>
    <property name="java.specification.version" value="1.8"/>
    <property name="webdriver.chrome.driver" value="C:\QA\RR\chromedriver.exe"/>
    <property name="sun.cpu.isalist" value="amd64"/>
    <property name="sun.jnu.encoding" value="Cp1252"/>
    <property name="java.class.path" value="C:\QA\cms2\target\test-classes;C:\QA\cms2\target\classes;C:\Users\Ravi\.m2\repository\org\seleniumhq\selenium\selenium-java\3.141.59\selenium-java-3.141.59.jar;C:\Users\Ravi\.m2\repository\org\seleniumhq\selenium\selenium-api\3.141.59\selenium-api-3.141.59.jar;C:\Users\Ravi\.m2\repository\org\seleniumhq\selenium\selenium-chrome-driver\3.141.59\selenium-chrome-driver-3.141.59.jar;C:\Users\Ravi\.m2\repository\org\seleniumhq\selenium\selenium-edge-driver\3.141.59\selenium-edge-driver-3.141.59.jar;C:\Users\Ravi\.m2\repository\org\seleniumhq\selenium\selenium-firefox-driver\3.141.59\selenium-firefox-driver-3.141.59.jar;C:\Users\Ravi\.m2\repository\org\seleniumhq\selenium\selenium-ie-driver\3.141.59\selenium-ie-driver-3.141.59.jar;C:\Users\Ravi\.m2\repository\org\seleniumhq\selenium\selenium-opera-driver\3.141.59\selenium-opera-driver-3.141.59.jar;C:\Users\Ravi\.m2\repository\org\seleniumhq\selenium\selenium-remote-driver\3.141.59\selenium-remote-driver-3.141.59.jar;C:\Users\Ravi\.m2\repository\org\seleniumhq\selenium\selenium-safari-driver\3.141.59\selenium-safari-driver-3.141.59.jar;C:\Users\Ravi\.m2\repository\org\seleniumhq\selenium\selenium-support\3.141.59\selenium-support-3.141.59.jar;C:\Users\Ravi\.m2\repository\net\bytebuddy\byte-buddy\1.8.15\byte-buddy-1.8.15.jar;C:\Users\Ravi\.m2\repository\org\apache\commons\commons-exec\1.3\commons-exec-1.3.jar;C:\Users\Ravi\.m2\repository\com\google\guava\guava\25.0-jre\guava-25.0-jre.jar;C:\Users\Ravi\.m2\repository\com\google\code\findbugs\jsr305\1.3.9\jsr305-1.3.9.jar;C:\Users\Ravi\.m2\repository\org\checkerframework\checker-compat-qual\2.0.0\checker-compat-qual-2.0.0.jar;C:\Users\Ravi\.m2\repository\com\google\errorprone\error_prone_annotations\2.1.3\error_prone_annotations-2.1.3.jar;C:\Users\Ravi\.m2\repository\com\google\j2objc\j2objc-annotations\1.1\j2objc-annotations-1.1.jar;C:\Users\Ravi\.m2\repository\org\codehaus\mojo\animal-sniffer-annotations\1.14\animal-sniffer-annotations-1.14.jar;C:\Users\Ravi\.m2\repository\com\squareup\okhttp3\okhttp\3.11.0\okhttp-3.11.0.jar;C:\Users\Ravi\.m2\repository\com\squareup\okio\okio\1.14.0\okio-1.14.0.jar;C:\Users\Ravi\.m2\repository\io\cucumber\cucumber-junit\5.3.0\cucumber-junit-5.3.0.jar;C:\Users\Ravi\.m2\repository\org\apiguardian\apiguardian-api\1.1.0\apiguardian-api-1.1.0.jar;C:\Users\Ravi\.m2\repository\io\cucumber\cucumber-core\5.3.0\cucumber-core-5.3.0.jar;C:\Users\Ravi\.m2\repository\io\cucumber\cucumber-gherkin\5.3.0\cucumber-gherkin-5.3.0.jar;C:\Users\Ravi\.m2\repository\io\cucumber\cucumber-gherkin-vintage\5.3.0\cucumber-gherkin-vintage-5.3.0.jar;C:\Users\Ravi\.m2\repository\io\cucumber\tag-expressions\2.0.4\tag-expressions-2.0.4.jar;C:\Users\Ravi\.m2\repository\io\cucumber\cucumber-expressions\8.3.1\cucumber-expressions-8.3.1.jar;C:\Users\Ravi\.m2\repository\io\cucumber\datatable\3.3.0\datatable-3.3.0.jar;C:\Users\Ravi\.m2\repository\io\cucumber\cucumber-plugin\5.3.0\cucumber-plugin-5.3.0.jar;C:\Users\Ravi\.m2\repository\io\cucumber\docstring\5.3.0\docstring-5.3.0.jar;C:\Users\Ravi\.m2\repository\io\cucumber\cucumber-java\5.4.0\cucumber-java-5.4.0.jar;C:\Users\Ravi\.m2\repository\junit\junit\4.11\junit-4.11.jar;C:\Users\Ravi\.m2\repository\org\hamcrest\hamcrest-core\1.3\hamcrest-core-1.3.jar;C:\Users\Ravi\.m2\repository\commons-io\commons-io\2.6\commons-io-2.6.jar;C:\Users\Ravi\.m2\repository\org\testng\testng\7.1.0\testng-7.1.0.jar;C:\Users\Ravi\.m2\repository\com\beust\jcommander\1.72\jcommander-1.72.jar;C:\Users\Ravi\.m2\repository\com\google\inject\guice\4.1.0\guice-4.1.0-no_aop.jar;C:\Users\Ravi\.m2\repository\javax\inject\javax.inject\1\javax.inject-1.jar;C:\Users\Ravi\.m2\repository\aopalliance\aopalliance\1.0\aopalliance-1.0.jar;C:\Users\Ravi\.m2\repository\org\yaml\snakeyaml\1.21\snakeyaml-1.21.jar;"/>
    <property name="java.vm.vendor" value="Oracle Corporation"/>
    <property name="sun.arch.data.model" value="64"/>
    <property name="user.variant" value=""/>
    <property name="java.vendor.url" value="http://java.oracle.com/"/>
    <property name="user.timezone" value="Asia/Calcutta"/>
    <property name="java.vm.specification.version" value="1.8"/>
    <property name="os.name" value="Windows 7"/>
    <property name="user.country" value="US"/>
    <property name="sun.java.launcher" value="SUN_STANDARD"/>
    <property name="sun.boot.library.path" value="C:\Program Files\Java\jdk1.8.0_221\jre\bin"/>
    <property name="sun.java.command" value="C:\Windows\Temp\surefire8421350785305550642\surefirebooter8992190963720119706.jar C:\Windows\Temp\surefire8421350785305550642 2020-03-17T08-45-00_059-jvmRun1 surefire1444092577914884147tmp surefire_08479532028019947871tmp"/>
    <property name="surefire.test.class.path" value="C:\QA\cms2\target\test-classes;C:\QA\cms2\target\classes;C:\Users\Ravi\.m2\repository\org\seleniumhq\selenium\selenium-java\3.141.59\selenium-java-3.141.59.jar;C:\Users\Ravi\.m2\repository\org\seleniumhq\selenium\selenium-api\3.141.59\selenium-api-3.141.59.jar;C:\Users\Ravi\.m2\repository\org\seleniumhq\selenium\selenium-chrome-driver\3.141.59\selenium-chrome-driver-3.141.59.jar;C:\Users\Ravi\.m2\repository\org\seleniumhq\selenium\selenium-edge-driver\3.141.59\selenium-edge-driver-3.141.59.jar;C:\Users\Ravi\.m2\repository\org\seleniumhq\selenium\selenium-firefox-driver\3.141.59\selenium-firefox-driver-3.141.59.jar;C:\Users\Ravi\.m2\repository\org\seleniumhq\selenium\selenium-ie-driver\3.141.59\selenium-ie-driver-3.141.59.jar;C:\Users\Ravi\.m2\repository\org\seleniumhq\selenium\selenium-opera-driver\3.141.59\selenium-opera-driver-3.141.59.jar;C:\Users\Ravi\.m2\repository\org\seleniumhq\selenium\selenium-remote-driver\3.141.59\selenium-remote-driver-3.141.59.jar;C:\Users\Ravi\.m2\repository\org\seleniumhq\selenium\selenium-safari-driver\3.141.59\selenium-safari-driver-3.141.59.jar;C:\Users\Ravi\.m2\repository\org\seleniumhq\selenium\selenium-support\3.141.59\selenium-support-3.141.59.jar;C:\Users\Ravi\.m2\repository\net\bytebuddy\byte-buddy\1.8.15\byte-buddy-1.8.15.jar;C:\Users\Ravi\.m2\repository\org\apache\commons\commons-exec\1.3\commons-exec-1.3.jar;C:\Users\Ravi\.m2\repository\com\google\guava\guava\25.0-jre\guava-25.0-jre.jar;C:\Users\Ravi\.m2\repository\com\google\code\findbugs\jsr305\1.3.9\jsr305-1.3.9.jar;C:\Users\Ravi\.m2\repository\org\checkerframework\checker-compat-qual\2.0.0\checker-compat-qual-2.0.0.jar;C:\Users\Ravi\.m2\repository\com\google\errorprone\error_prone_annotations\2.1.3\error_prone_annotations-2.1.3.jar;C:\Users\Ravi\.m2\repository\com\google\j2objc\j2objc-annotations\1.1\j2objc-annotations-1.1.jar;C:\Users\Ravi\.m2\repository\org\codehaus\mojo\animal-sniffer-annotations\1.14\animal-sniffer-annotations-1.14.jar;C:\Users\Ravi\.m2\repository\com\squareup\okhttp3\okhttp\3.11.0\okhttp-3.11.0.jar;C:\Users\Ravi\.m2\repository\com\squareup\okio\okio\1.14.0\okio-1.14.0.jar;C:\Users\Ravi\.m2\repository\io\cucumber\cucumber-junit\5.3.0\cucumber-junit-5.3.0.jar;C:\Users\Ravi\.m2\repository\org\apiguardian\apiguardian-api\1.1.0\apiguardian-api-1.1.0.jar;C:\Users\Ravi\.m2\repository\io\cucumber\cucumber-core\5.3.0\cucumber-core-5.3.0.jar;C:\Users\Ravi\.m2\repository\io\cucumber\cucumber-gherkin\5.3.0\cucumber-gherkin-5.3.0.jar;C:\Users\Ravi\.m2\repository\io\cucumber\cucumber-gherkin-vintage\5.3.0\cucumber-gherkin-vintage-5.3.0.jar;C:\Users\Ravi\.m2\repository\io\cucumber\tag-expressions\2.0.4\tag-expressions-2.0.4.jar;C:\Users\Ravi\.m2\repository\io\cucumber\cucumber-expressions\8.3.1\cucumber-expressions-8.3.1.jar;C:\Users\Ravi\.m2\repository\io\cucumber\datatable\3.3.0\datatable-3.3.0.jar;C:\Users\Ravi\.m2\repository\io\cucumber\cucumber-plugin\5.3.0\cucumber-plugin-5.3.0.jar;C:\Users\Ravi\.m2\repository\io\cucumber\docstring\5.3.0\docstring-5.3.0.jar;C:\Users\Ravi\.m2\repository\io\cucumber\cucumber-java\5.4.0\cucumber-java-5.4.0.jar;C:\Users\Ravi\.m2\repository\junit\junit\4.11\junit-4.11.jar;C:\Users\Ravi\.m2\repository\org\hamcrest\hamcrest-core\1.3\hamcrest-core-1.3.jar;C:\Users\Ravi\.m2\repository\commons-io\commons-io\2.6\commons-io-2.6.jar;C:\Users\Ravi\.m2\repository\org\testng\testng\7.1.0\testng-7.1.0.jar;C:\Users\Ravi\.m2\repository\com\beust\jcommander\1.72\jcommander-1.72.jar;C:\Users\Ravi\.m2\repository\com\google\inject\guice\4.1.0\guice-4.1.0-no_aop.jar;C:\Users\Ravi\.m2\repository\javax\inject\javax.inject\1\javax.inject-1.jar;C:\Users\Ravi\.m2\repository\aopalliance\aopalliance\1.0\aopalliance-1.0.jar;C:\Users\Ravi\.m2\repository\org\yaml\snakeyaml\1.21\snakeyaml-1.21.jar;"/>
    <property name="sun.cpu.endian" value="little"/>
    <property name="user.home" value="C:\Users\Ravi"/>
    <property name="user.language" value="en"/>
    <property name="java.specification.vendor" value="Oracle Corporation"/>
    <property name="java.home" value="C:\Program Files\Java\jdk1.8.0_221\jre"/>
    <property name="basedir" value="C:\QA\cms2"/>
    <property name="file.separator" value="\"/>
    <property name="line.separator" value="&#10;"/>
    <property name="java.vm.specification.vendor" value="Oracle Corporation"/>
    <property name="java.specification.name" value="Java Platform API Specification"/>
    <property name="java.awt.graphicsenv" value="sun.awt.Win32GraphicsEnvironment"/>
    <property name="surefire.real.class.path" value="C:\Windows\Temp\surefire8421350785305550642\surefirebooter8992190963720119706.jar"/>
    <property name="sun.boot.class.path" value="C:\Program Files\Java\jdk1.8.0_221\jre\lib\resources.jar;C:\Program Files\Java\jdk1.8.0_221\jre\lib\rt.jar;C:\Program Files\Java\jdk1.8.0_221\jre\lib\sunrsasign.jar;C:\Program Files\Java\jdk1.8.0_221\jre\lib\jsse.jar;C:\Program Files\Java\jdk1.8.0_221\jre\lib\jce.jar;C:\Program Files\Java\jdk1.8.0_221\jre\lib\charsets.jar;C:\Program Files\Java\jdk1.8.0_221\jre\lib\jfr.jar;C:\Program Files\Java\jdk1.8.0_221\jre\classes"/>
    <property name="user.script" value=""/>
    <property name="sun.management.compiler" value="HotSpot 64-Bit Tiered Compilers"/>
    <property name="java.runtime.version" value="1.8.0_221-b11"/>
    <property name="user.name" value="Ravi"/>
    <property name="path.separator" value=";"/>
    <property name="os.version" value="6.1"/>
    <property name="java.endorsed.dirs" value="C:\Program Files\Java\jdk1.8.0_221\jre\lib\endorsed"/>
    <property name="java.runtime.name" value="Java(TM) SE Runtime Environment"/>
    <property name="file.encoding" value="Cp1252"/>
    <property name="java.vm.name" value="Java HotSpot(TM) 64-Bit Server VM"/>
    <property name="localRepository" value="C:\Users\Ravi\.m2\repository"/>
    <property name="java.vendor.url.bug" value="http://bugreport.sun.com/bugreport/"/>
    <property name="java.io.tmpdir" value="C:\Windows\TEMP\"/>
    <property name="java.version" value="1.8.0_221"/>
    <property name="user.dir" value="C:\QA\cms2"/>
    <property name="os.arch" value="amd64"/>
    <property name="java.vm.specification.name" value="Java Virtual Machine Specification"/>
    <property name="java.awt.printerjob" value="sun.awt.windows.WPrinterJob"/>
    <property name="sun.os.patch.level" value="Service Pack 1"/>
    <property name="java.library.path" value="C:\Program Files\Java\jdk1.8.0_221\jre\bin;C:\Windows\Sun\Java\bin;C:\Windows\system32;C:\Windows;C:\QA\apache-maven-3.6.3/bin;C:\Program Files\Java\jdk1.8.0_221/bin;C:\Program Files\Java\jdk1.8.0_221/bin;C:\Program Files (x86)\ActiveState Komodo IDE 12\;C:\Program Files (x86)\Common Files\Oracle\Java\javapath;C:\app\Ravi\product\11.2.0\dbhome_1\bin;C:\Windows\system32;C:\Windows;C:\Windows\System32\Wbem;C:\Windows\System32\WindowsPowerShell\v1.0\;C:\Program Files (x86)\NVIDIA Corporation\PhysX\Common;c:\Program Files (x86)\Microsoft SQL Server\100\Tools\Binn\;c:\Program Files\Microsoft SQL Server\100\Tools\Binn\;c:\Program Files\Microsoft SQL Server\100\DTS\Binn\;C:\adb;C:\Program Files\Java\jdk1.8.0_221\bin;C:\Program Files\Microsoft VS Code\bin\C:\wamp64\bin\mysql\mysql5.7.23\bin;D:\Apache Software Foundation\Tomcat 7.0\bin;C:\xampp\php;C:\composer;C:\QA\apache-maven-3.6.3\bin;C:\Program Files\Git\cmd;C:\QA\apache-maven-3.6.3\bin;C:\Users\Ravi\AppData\Local\Programs\Microsoft VS Code\bin;."/>
    <property name="java.vm.info" value="mixed mode"/>
    <property name="java.vendor" value="Oracle Corporation"/>
    <property name="java.vm.version" value="25.221-b11"/>
    <property name="java.ext.dirs" value="C:\Program Files\Java\jdk1.8.0_221\jre\lib\ext;C:\Windows\Sun\Java\lib\ext"/>
    <property name="sun.io.unicode.encoding" value="UnicodeLittle"/>
    <property name="java.class.version" value="52.0"/>
  </properties>
  <testcase name="verify total post on dashnoard" classname="Dashboaed feature" time="29.712"/>
  <testcase name="Successful Login with Valid Credentials" classname="Admin Login Action" time="12.696"/>
  <testcase name="Unsuccessful Login with Invalid Credentials" classname="Admin Login Action" time="10.651"/>
  <testcase name="Unsuccessful Login with Invalid Credentials" classname="Admin Login Action" time="19.522">
    <failure message="expected:&lt;...ttp://localhost/CMS/[Login].php&gt; but was:&lt;...ttp://localhost/CMS/[Dashboard].php&gt;" type="org.junit.ComparisonFailure"><![CDATA[org.junit.ComparisonFailure: expected:<...ttp://localhost/CMS/[Login].php> but was:<...ttp://localhost/CMS/[Dashboard].php>
]]></failure>
    <system-out><![CDATA[
@login
Scenario: Unsuccessful Login with Invalid Credentials # features/Admin_login.feature:17
  Given Admin is on Login Page                        # com.cms.stepDefination.SteopDennation.admin_is_on_Login_Page()
  And Admin enters "jazeb" and "1234"                 # com.cms.stepDefination.SteopDennation.admin_enters_and(java.lang.String,java.lang.String)
  Then Admin redirected to login page                 # com.cms.stepDefination.SteopDennation.admin_redirected_to_login_page()
      org.junit.ComparisonFailure: expected:<...ttp://localhost/CMS/[Login].php> but was:<...ttp://localhost/CMS/[Dashboard].php>
	at org.junit.Assert.assertEquals(Assert.java:115)
	at org.junit.Assert.assertEquals(Assert.java:144)
	at com.cms.stepDefination.SteopDennation.admin_redirected_to_login_page(SteopDennation.java:66)
	at ?.Admin redirected to login page(file:///C:/QA/cms2/features/Admin_login.feature:20)


    Embedding Unsuccessful Login with Invalid Credentials [image/png 60287 bytes]

]]></system-out>
    <system-err><![CDATA[Starting ChromeDriver 80.0.3987.106 (f68069574609230cf9b635cd784cfb1bf81bb53a-refs/branch-heads/3987@{#882}) on port 38627
Only local connections are allowed.
Please protect ports used by ChromeDriver and related test frameworks to prevent access by malicious code.
Mar 17, 2020 8:46:01 AM org.openqa.selenium.remote.ProtocolHandshake createSession
INFO: Detected dialect: W3C
[1584414965.261][SEVERE]: Timed out receiving message from renderer: 0.100
[1584414965.366][SEVERE]: Timed out receiving message from renderer: 0.100
[1584414965.469][SEVERE]: Timed out receiving message from renderer: 0.100
[1584414965.572][SEVERE]: Timed out receiving message from renderer: 0.100
[1584414965.684][SEVERE]: Timed out receiving message from renderer: 0.100
[1584414965.787][SEVERE]: Timed out receiving message from renderer: 0.100
[1584414965.894][SEVERE]: Timed out receiving message from renderer: 0.100
[1584414966.085][SEVERE]: Timed out receiving message from renderer: 0.100
[1584414966.252][SEVERE]: Timed out receiving message from renderer: 0.100
[1584414966.602][SEVERE]: Timed out receiving message from renderer: 0.100
[1584414966.708][SEVERE]: Timed out receiving message from renderer: 0.100
[1584414966.823][SEVERE]: Timed out receiving message from renderer: 0.100
[1584414966.956][SEVERE]: Timed out receiving message from renderer: 0.100
[1584414967.143][SEVERE]: Timed out receiving message from renderer: 0.100
[1584414968.488][SEVERE]: Timed out receiving message from renderer: 0.100
[1584414968.807][SEVERE]: Timed out receiving message from renderer: 0.100
[1584414968.910][SEVERE]: Timed out receiving message from renderer: 0.100
[1584414969.013][SEVERE]: Timed out receiving message from renderer: 0.100
[1584414969.117][SEVERE]: Timed out receiving message from renderer: 0.100
]]></system-err>
  </testcase>
  <testcase name="verify trim is working in username" classname="Admin Login Action" time="11.918">
    <failure message="expected:&lt;...ttp://localhost/CMS/[Dashboard].php&gt; but was:&lt;...ttp://localhost/CMS/[Login].php&gt;" type="org.junit.ComparisonFailure"><![CDATA[org.junit.ComparisonFailure: expected:<...ttp://localhost/CMS/[Dashboard].php> but was:<...ttp://localhost/CMS/[Login].php>
]]></failure>
    <system-out><![CDATA[
@login
Scenario: verify trim is working in username                                  # features/Admin_login.feature:23
  Given Admin is on Login Page                                                # com.cms.stepDefination.SteopDennation.admin_is_on_Login_Page()
  And Admin enters "                       ravi              " and "12345678" # com.cms.stepDefination.SteopDennation.admin_enters_and(java.lang.String,java.lang.String)
  Then Admin redirected to dashboard page                                     # com.cms.stepDefination.SteopDennation.admin_redirected_to_dashboard_page()
      org.junit.ComparisonFailure: expected:<...ttp://localhost/CMS/[Dashboard].php> but was:<...ttp://localhost/CMS/[Login].php>
	at org.junit.Assert.assertEquals(Assert.java:115)
	at org.junit.Assert.assertEquals(Assert.java:144)
	at com.cms.stepDefination.SteopDennation.admin_redirected_to_dashboard_page(SteopDennation.java:59)
	at ?.Admin redirected to dashboard page(file:///C:/QA/cms2/features/Admin_login.feature:26)


    Embedding verify trim is working in username [image/png 18012 bytes]

]]></system-out>
    <system-err><![CDATA[Starting ChromeDriver 80.0.3987.106 (f68069574609230cf9b635cd784cfb1bf81bb53a-refs/branch-heads/3987@{#882}) on port 24607
Only local connections are allowed.
Please protect ports used by ChromeDriver and related test frameworks to prevent access by malicious code.
Mar 17, 2020 8:46:20 AM org.openqa.selenium.remote.ProtocolHandshake createSession
INFO: Detected dialect: W3C
[1584414981.961][SEVERE]: Timed out receiving message from renderer: 0.100
[1584414982.065][SEVERE]: Timed out receiving message from renderer: 0.100
[1584414982.171][SEVERE]: Timed out receiving message from renderer: 0.100
[1584414982.275][SEVERE]: Timed out receiving message from renderer: 0.100
[1584414982.379][SEVERE]: Timed out receiving message from renderer: 0.100
[1584414982.484][SEVERE]: Timed out receiving message from renderer: 0.100
[1584414982.590][SEVERE]: Timed out receiving message from renderer: 0.100
[1584414982.700][SEVERE]: Timed out receiving message from renderer: 0.100
[1584414982.825][SEVERE]: Timed out receiving message from renderer: 0.100
[1584414982.929][SEVERE]: Timed out receiving message from renderer: 0.100
[1584414983.273][SEVERE]: Timed out receiving message from renderer: 0.100
[1584414983.508][SEVERE]: Timed out receiving message from renderer: 0.100
[1584414983.612][SEVERE]: Timed out receiving message from renderer: 0.100
]]></system-err>
  </testcase>
  <testcase name="verify not enter any detail and click on login" classname="Admin Login Action" time="14.894"/>
  <testcase name="verify admin enter username and not enter password" classname="Admin Login Action" time="14.52"/>
  <testcase name="verify admin enter invalid username and enter password" classname="Admin Login Action" time="16.275"/>
  <testcase name="verify admin enter directly url and try to login" classname="Admin Login Action" time="11.791"/>
  <testcase name="verify admin login and click on logout and click on back button" classname="Admin Login Action" time="12.007"/>
  <testcase name="Verify Admin welcome message with his name" classname="Admin Login Action" time="13.59"/>
  <testcase name="Verify Admin welcome message with his name" classname="Admin Login Action" time="15.015">
    <failure message="expected:&lt;Wellcome [shubham]!&gt; but was:&lt;Wellcome []!&gt;" type="org.junit.ComparisonFailure"><![CDATA[org.junit.ComparisonFailure: expected:<Wellcome [shubham]!> but was:<Wellcome []!>
]]></failure>
    <system-out><![CDATA[
@login
Scenario Outline: Verify Admin welcome message with his name # features/Admin_login.feature:71
  Given Admin is on Login Page                               # com.cms.stepDefination.SteopDennation.admin_is_on_Login_Page()
  And Admins enters Shubham and 12345678                     # com.cms.stepDefination.SteopDennation.admins_enters_and(java.lang.String,java.lang.String)
  Then Admin redirected to dashboard page                    # com.cms.stepDefination.SteopDennation.admin_redirected_to_dashboard_page()
Wellcome !
  Then check welcome message has same Wellcome shubham!      # com.cms.stepDefination.SteopDennation.check_welcome_message_has_same(java.lang.String)
      org.junit.ComparisonFailure: expected:<Wellcome [shubham]!> but was:<Wellcome []!>
	at org.junit.Assert.assertEquals(Assert.java:115)
	at org.junit.Assert.assertEquals(Assert.java:144)
	at com.cms.stepDefination.SteopDennation.check_welcome_message_has_same(SteopDennation.java:96)
	at ?.check welcome message has same Wellcome shubham!(file:///C:/QA/cms2/features/Admin_login.feature:66)


    Embedding Verify Admin welcome message with his name [image/png 59854 bytes]

]]></system-out>
    <system-err><![CDATA[Starting ChromeDriver 80.0.3987.106 (f68069574609230cf9b635cd784cfb1bf81bb53a-refs/branch-heads/3987@{#882}) on port 13312
Only local connections are allowed.
Please protect ports used by ChromeDriver and related test frameworks to prevent access by malicious code.
Mar 17, 2020 8:47:59 AM org.openqa.selenium.remote.ProtocolHandshake createSession
INFO: Detected dialect: W3C
[1584415080.695][SEVERE]: Timed out receiving message from renderer: 0.100
[1584415080.799][SEVERE]: Timed out receiving message from renderer: 0.100
[1584415080.902][SEVERE]: Timed out receiving message from renderer: 0.100
[1584415081.005][SEVERE]: Timed out receiving message from renderer: 0.100
[1584415081.117][SEVERE]: Timed out receiving message from renderer: 0.100
[1584415081.227][SEVERE]: Timed out receiving message from renderer: 0.100
[1584415081.334][SEVERE]: Timed out receiving message from renderer: 0.100
[1584415081.688][SEVERE]: Timed out receiving message from renderer: 0.100
[1584415081.812][SEVERE]: Timed out receiving message from renderer: 0.100
[1584415081.958][SEVERE]: Timed out receiving message from renderer: 0.100
[1584415082.071][SEVERE]: Timed out receiving message from renderer: 0.100
[1584415083.362][SEVERE]: Timed out receiving message from renderer: 0.100
[1584415083.650][SEVERE]: Timed out receiving message from renderer: 0.100
[1584415083.752][SEVERE]: Timed out receiving message from renderer: 0.100
[1584415083.855][SEVERE]: Timed out receiving message from renderer: 0.100
[1584415083.962][SEVERE]: Timed out receiving message from renderer: 0.100
]]></system-err>
  </testcase>
  <testcase name="Verify Admin welcome message with his name" classname="Admin Login Action" time="14.138"/>
  <testcase name="verify logout fuctionality" classname="Admin Logout Action" time="18.309"/>
</testsuite>