[
  {
    "line": 1,
    "elements": [
      {
        "line": 4,
        "name": "Admin must be login to run the test on dashboard",
        "description": "",
        "type": "background",
        "keyword": "Background",
        "steps": [
          {
            "result": {
              "duration": 5595000000,
              "status": "passed"
            },
            "line": 5,
            "name": "Admin is on Login Page",
            "match": {
              "location": "com.cms.stepDefination.StepDefination.admin_is_on_Login_Page()"
            },
            "keyword": "Given "
          },
          {
            "result": {
              "error_message": "org.openqa.selenium.WebDriverException: chrome not reachable\n  (Session info: chrome\u003d80.0.3987.149)\nBuild info: version: \u00273.141.59\u0027, revision: \u0027e82be7d358\u0027, time: \u00272018-11-14T08:17:03\u0027\nSystem info: host: \u0027RAVI-PC\u0027, ip: \u0027192.168.225.188\u0027, os.name: \u0027Windows 7\u0027, os.arch: \u0027amd64\u0027, os.version: \u00276.1\u0027, java.version: \u00271.8.0_221\u0027\nDriver info: org.openqa.selenium.chrome.ChromeDriver\nCapabilities {acceptInsecureCerts: false, browserName: chrome, browserVersion: 80.0.3987.149, chrome: {chromedriverVersion: 80.0.3987.106 (f68069574609..., userDataDir: C:\\Windows\\TEMP\\scoped_dir8...}, goog:chromeOptions: {debuggerAddress: localhost:7010}, javascriptEnabled: true, networkConnectionEnabled: false, pageLoadStrategy: normal, platform: WINDOWS, platformName: WINDOWS, proxy: Proxy(), setWindowRect: true, strictFileInteractability: false, timeouts: {implicit: 0, pageLoad: 300000, script: 30000}, unhandledPromptBehavior: dismiss and notify}\nSession ID: da3169bd12132d81ef0c4e9db377872c\n*** Element info: {Using\u003did, value\u003dusername}\r\n\tat sun.reflect.NativeConstructorAccessorImpl.newInstance0(Native Method)\r\n\tat sun.reflect.NativeConstructorAccessorImpl.newInstance(NativeConstructorAccessorImpl.java:62)\r\n\tat sun.reflect.DelegatingConstructorAccessorImpl.newInstance(DelegatingConstructorAccessorImpl.java:45)\r\n\tat java.lang.reflect.Constructor.newInstance(Constructor.java:423)\r\n\tat org.openqa.selenium.remote.http.W3CHttpResponseCodec.createException(W3CHttpResponseCodec.java:187)\r\n\tat org.openqa.selenium.remote.http.W3CHttpResponseCodec.decode(W3CHttpResponseCodec.java:122)\r\n\tat org.openqa.selenium.remote.http.W3CHttpResponseCodec.decode(W3CHttpResponseCodec.java:49)\r\n\tat org.openqa.selenium.remote.HttpCommandExecutor.execute(HttpCommandExecutor.java:158)\r\n\tat org.openqa.selenium.remote.service.DriverCommandExecutor.execute(DriverCommandExecutor.java:83)\r\n\tat org.openqa.selenium.remote.RemoteWebDriver.execute(RemoteWebDriver.java:552)\r\n\tat org.openqa.selenium.remote.RemoteWebDriver.findElement(RemoteWebDriver.java:323)\r\n\tat org.openqa.selenium.remote.RemoteWebDriver.findElementById(RemoteWebDriver.java:372)\r\n\tat org.openqa.selenium.By$ById.findElement(By.java:188)\r\n\tat org.openqa.selenium.remote.RemoteWebDriver.findElement(RemoteWebDriver.java:315)\r\n\tat com.cms.pageObject.admin_login.admin_username(admin_login.java:20)\r\n\tat com.cms.stepDefination.StepDefination.admin_enters_and(StepDefination.java:52)\r\n\tat âœ½.Admin enters \"ravi\" and \"12345678\"(file:///C:/QA/cms2/features/Admin_dashboard.feature:6)\r\n",
              "duration": 6200000000,
              "status": "failed"
            },
            "line": 6,
            "name": "Admin enters \"ravi\" and \"12345678\"",
            "match": {
              "arguments": [
                {
                  "val": "\"ravi\"",
                  "offset": 13
                },
                {
                  "val": "\"12345678\"",
                  "offset": 24
                }
              ],
              "location": "com.cms.stepDefination.StepDefination.admin_enters_and(java.lang.String,java.lang.String)"
            },
            "keyword": "And "
          },
          {
            "result": {
              "duration": 2000000,
              "status": "skipped"
            },
            "line": 7,
            "name": "Admin redirected to dashboard page",
            "match": {
              "location": "com.cms.stepDefination.StepDefination.admin_redirected_to_dashboard_page()"
            },
            "keyword": "Then "
          }
        ]
      },
      {
        "start_timestamp": "2020-03-29T16:56:41.545Z",
        "before": [
          {
            "result": {
              "duration": 9047000000,
              "status": "passed"
            },
            "match": {
              "location": "com.cms.stepDefination.StepDefination.before()"
            }
          }
        ],
        "line": 10,
        "name": "verify total post on dashnoard",
        "description": "",
        "id": "dashboaed-feature;verify-total-post-on-dashnoard",
        "after": [
          {
            "result": {
              "error_message": "org.openqa.selenium.WebDriverException: chrome not reachable\n  (Session info: chrome\u003d80.0.3987.149)\nBuild info: version: \u00273.141.59\u0027, revision: \u0027e82be7d358\u0027, time: \u00272018-11-14T08:17:03\u0027\nSystem info: host: \u0027RAVI-PC\u0027, ip: \u0027192.168.225.188\u0027, os.name: \u0027Windows 7\u0027, os.arch: \u0027amd64\u0027, os.version: \u00276.1\u0027, java.version: \u00271.8.0_221\u0027\nDriver info: org.openqa.selenium.chrome.ChromeDriver\nCapabilities {acceptInsecureCerts: false, browserName: chrome, browserVersion: 80.0.3987.149, chrome: {chromedriverVersion: 80.0.3987.106 (f68069574609..., userDataDir: C:\\Windows\\TEMP\\scoped_dir8...}, goog:chromeOptions: {debuggerAddress: localhost:7010}, javascriptEnabled: true, networkConnectionEnabled: false, pageLoadStrategy: normal, platform: WINDOWS, platformName: WINDOWS, proxy: Proxy(), setWindowRect: true, strictFileInteractability: false, timeouts: {implicit: 0, pageLoad: 300000, script: 30000}, unhandledPromptBehavior: dismiss and notify}\nSession ID: da3169bd12132d81ef0c4e9db377872c\r\n\tat sun.reflect.NativeConstructorAccessorImpl.newInstance0(Native Method)\r\n\tat sun.reflect.NativeConstructorAccessorImpl.newInstance(NativeConstructorAccessorImpl.java:62)\r\n\tat sun.reflect.DelegatingConstructorAccessorImpl.newInstance(DelegatingConstructorAccessorImpl.java:45)\r\n\tat java.lang.reflect.Constructor.newInstance(Constructor.java:423)\r\n\tat org.openqa.selenium.remote.http.W3CHttpResponseCodec.createException(W3CHttpResponseCodec.java:187)\r\n\tat org.openqa.selenium.remote.http.W3CHttpResponseCodec.decode(W3CHttpResponseCodec.java:122)\r\n\tat org.openqa.selenium.remote.http.W3CHttpResponseCodec.decode(W3CHttpResponseCodec.java:49)\r\n\tat org.openqa.selenium.remote.HttpCommandExecutor.execute(HttpCommandExecutor.java:158)\r\n\tat org.openqa.selenium.remote.service.DriverCommandExecutor.execute(DriverCommandExecutor.java:83)\r\n\tat org.openqa.selenium.remote.RemoteWebDriver.execute(RemoteWebDriver.java:552)\r\n\tat org.openqa.selenium.remote.RemoteWebDriver.execute(RemoteWebDriver.java:609)\r\n\tat org.openqa.selenium.remote.RemoteWebDriver.getScreenshotAs(RemoteWebDriver.java:295)\r\n\tat com.cms.stepDefination.StepDefination.after(StepDefination.java:127)\r\n",
              "duration": 6034000000,
              "status": "failed"
            },
            "match": {
              "location": "com.cms.stepDefination.StepDefination.after(io.cucumber.java.Scenario)"
            }
          }
        ],
        "type": "scenario",
        "keyword": "Scenario",
        "steps": [
          {
            "result": {
              "duration": 8000000,
              "status": "skipped"
            },
            "line": 11,
            "name": "Admin read total post",
            "match": {
              "location": "com.cms.stepDefination.StepDefination.admin_read_total_post()"
            },
            "keyword": "Given "
          },
          {
            "result": {
              "duration": 1000000,
              "status": "skipped"
            },
            "line": 12,
            "name": "Admin go to post page",
            "match": {
              "location": "com.cms.stepDefination.StepDefination.admin_go_to_post_page()"
            },
            "keyword": "And "
          },
          {
            "result": {
              "duration": 1000000,
              "status": "skipped"
            },
            "line": 13,
            "name": "Admin cross verify the post",
            "match": {
              "location": "com.cms.stepDefination.StepDefination.admin_cross_verify_the_post()"
            },
            "keyword": "Then "
          }
        ],
        "tags": [
          {
            "name": "@total_post"
          }
        ]
      }
    ],
    "name": "Dashboaed feature",
    "description": "  I want to use this template for my deashboard testing",
    "id": "dashboaed-feature",
    "keyword": "Feature",
    "uri": "file:features/Admin_dashboard.feature",
    "tags": []
  }
]